#
# There is insufficient memory for the Java Runtime Environment to continue.
# Native memory allocation (malloc) failed to allocate 1092448 bytes for Chunk::new
# Possible reasons:
#   The system is out of physical RAM or swap space
#   The process is running with CompressedOops enabled, and the Java Heap may be blocking the growth of the native heap
# Possible solutions:
#   Reduce memory load on the system
#   Increase physical memory or swap space
#   Check if swap backing store is full
#   Decrease Java heap size (-Xmx/-Xms)
#   Decrease number of Java threads
#   Decrease Java thread stack sizes (-Xss)
#   Set larger code cache with -XX:ReservedCodeCacheSize=
#   JVM is running with Unscaled Compressed Oops mode in which the Java heap is
#     placed in the first 4GB address space. The Java Heap base address is the
#     maximum limit for the native heap growth. Please use -XX:HeapBaseMinAddress
#     to set the Java Heap base and to place the Java Heap above 4GB virtual address.
# This output file may be truncated or incomplete.
#
#  Out of Memory Error (arena.cpp:189), pid=13704, tid=14736
#
# JRE version: Java(TM) SE Runtime Environment (17.0.3.1+2) (build 17.0.3.1+2-LTS-6)
# Java VM: Java HotSpot(TM) 64-Bit Server VM (17.0.3.1+2-LTS-6, mixed mode, sharing, tiered, compressed oops, compressed class ptrs, g1 gc, windows-amd64)
# No core dump will be written. Minidumps are not enabled by default on client versions of Windows
#

---------------  S U M M A R Y ------------

Command Line: -Dfile.encoding=UTF-8 --module-path=C:\Users\sosma\OneDrive\Máy tính\OOAD\OOAD\Project\build\classes JForm.LoginForm

Host: AMD Ryzen 5 5500U with Radeon Graphics         , 12 cores, 5G,  Windows 11 , 64 bit Build 22621 (10.0.22621.1485)
Time: Sat Apr 22 15:24:47 2023 SE Asia Standard Time elapsed time: 7.390064 seconds (0d 0h 0m 7s)

---------------  T H R E A D  ---------------

Current thread (0x0000025db7398980):  JavaThread "C2 CompilerThread0" daemon [_thread_in_native, id=14736, stack(0x0000005df7700000,0x0000005df7800000)]


Current CompileTask:
C2:   7390 3677       4       javax.swing.GroupLayout$Group::calculateAutopadding (78 bytes)

Stack: [0x0000005df7700000,0x0000005df7800000]
Native frames: (J=compiled Java code, j=interpreted, Vv=VM code, C=native code)
V  [jvm.dll+0x6711ba]
V  [jvm.dll+0x7d0834]
V  [jvm.dll+0x7d1fde]
V  [jvm.dll+0x7d2643]
V  [jvm.dll+0x242c85]
V  [jvm.dll+0xaa57b]
V  [jvm.dll+0xaab0c]
V  [jvm.dll+0x35ff77]
V  [jvm.dll+0x32a581]
V  [jvm.dll+0x329a2a]
V  [jvm.dll+0x215d61]
V  [jvm.dll+0x215181]
V  [jvm.dll+0x1a1c3d]
V  [jvm.dll+0x2249c8]
V  [jvm.dll+0x222b2c]
V  [jvm.dll+0x78650b]
V  [jvm.dll+0x780aca]
V  [jvm.dll+0x670045]
C  [ucrtbase.dll+0x29363]
C  [KERNEL32.DLL+0x1269d]
C  [ntdll.dll+0x5a9f8]


---------------  P R O C E S S  ---------------

Threads class SMR info:
_java_thread_list=0x0000025dbe1cf350, length=21, elements={
0x0000025db737e6f0, 0x0000025db737f2a0, 0x0000025db7393ec0, 0x0000025db7394870,
0x0000025db7395220, 0x0000025db7396be0, 0x0000025db7398980, 0x0000025db7399420,
0x0000025db7399e10, 0x0000025db805a450, 0x0000025db80f0400, 0x0000025db83f52d0,
0x0000025db83f57a0, 0x0000025db83d2370, 0x0000025db8432c20, 0x0000025d9a1ddb60,
0x0000025db8b83850, 0x0000025dbdcbdf90, 0x0000025dbdcf5070, 0x0000025dbdd664e0,
0x0000025db8618790
}

Java Threads: ( => current thread )
  0x0000025db737e6f0 JavaThread "Reference Handler" daemon [_thread_blocked, id=12844, stack(0x0000005df7100000,0x0000005df7200000)]
  0x0000025db737f2a0 JavaThread "Finalizer" daemon [_thread_blocked, id=14628, stack(0x0000005df7200000,0x0000005df7300000)]
  0x0000025db7393ec0 JavaThread "Signal Dispatcher" daemon [_thread_blocked, id=5380, stack(0x0000005df7300000,0x0000005df7400000)]
  0x0000025db7394870 JavaThread "Attach Listener" daemon [_thread_blocked, id=4292, stack(0x0000005df7400000,0x0000005df7500000)]
  0x0000025db7395220 JavaThread "Service Thread" daemon [_thread_blocked, id=8520, stack(0x0000005df7500000,0x0000005df7600000)]
  0x0000025db7396be0 JavaThread "Monitor Deflation Thread" daemon [_thread_blocked, id=1500, stack(0x0000005df7600000,0x0000005df7700000)]
=>0x0000025db7398980 JavaThread "C2 CompilerThread0" daemon [_thread_in_native, id=14736, stack(0x0000005df7700000,0x0000005df7800000)]
  0x0000025db7399420 JavaThread "C1 CompilerThread0" daemon [_thread_blocked, id=316, stack(0x0000005df7800000,0x0000005df7900000)]
  0x0000025db7399e10 JavaThread "Sweeper thread" daemon [_thread_blocked, id=3500, stack(0x0000005df7900000,0x0000005df7a00000)]
  0x0000025db805a450 JavaThread "Common-Cleaner" daemon [_thread_blocked, id=16336, stack(0x0000005df7a00000,0x0000005df7b00000)]
  0x0000025db80f0400 JavaThread "Notification Thread" daemon [_thread_blocked, id=17604, stack(0x0000005df7b00000,0x0000005df7c00000)]
  0x0000025db83f52d0 JavaThread "Java2D Disposer" daemon [_thread_blocked, id=800, stack(0x0000005df7d00000,0x0000005df7e00000)]
  0x0000025db83f57a0 JavaThread "AWT-Shutdown" [_thread_blocked, id=11088, stack(0x0000005df7e00000,0x0000005df7f00000)]
  0x0000025db83d2370 JavaThread "AWT-Windows" daemon [_thread_in_native, id=4016, stack(0x0000005df7f00000,0x0000005df8000000)]
  0x0000025db8432c20 JavaThread "AWT-EventQueue-0" [_thread_blocked, id=8860, stack(0x0000005df8000000,0x0000005df8100000)]
  0x0000025d9a1ddb60 JavaThread "DestroyJavaVM" [_thread_blocked, id=3080, stack(0x0000005df6a00000,0x0000005df6b00000)]
  0x0000025db8b83850 JavaThread "Image Fetcher 0" daemon [_thread_blocked, id=4108, stack(0x0000005df8b00000,0x0000005df8c00000)]
  0x0000025dbdcbdf90 JavaThread "D3D Screen Updater" daemon [_thread_in_native, id=18256, stack(0x0000005df8d00000,0x0000005df8e00000)]
  0x0000025dbdcf5070 JavaThread "TimerQueue" daemon [_thread_blocked, id=10028, stack(0x0000005df8e00000,0x0000005df8f00000)]
  0x0000025dbdd664e0 JavaThread "mysql-cj-abandoned-connection-cleanup" daemon [_thread_blocked, id=17920, stack(0x0000005df8f00000,0x0000005df9000000)]
  0x0000025db8618790 JavaThread "C2 CompilerThread1" daemon [_thread_in_native, id=13936, stack(0x0000005df9e00000,0x0000005df9f00000)]

Other Threads:
  0x0000025db7378c50 VMThread "VM Thread" [stack: 0x0000005df7000000,0x0000005df7100000] [id=8412]
  0x0000025d9a27fa00 WatcherThread [stack: 0x0000005df7c00000,0x0000005df7d00000] [id=9988]
  0x0000025d9a228780 GCTaskThread "GC Thread#0" [stack: 0x0000005df6b00000,0x0000005df6c00000] [id=17268]
  0x0000025dbdecfc90 GCTaskThread "GC Thread#1" [stack: 0x0000005df9100000,0x0000005df9200000] [id=4748]
  0x0000025dbe01d730 GCTaskThread "GC Thread#2" [stack: 0x0000005df9200000,0x0000005df9300000] [id=14476]
  0x0000025dbe01d9e0 GCTaskThread "GC Thread#3" [stack: 0x0000005df9300000,0x0000005df9400000] [id=2996]
  0x0000025dbe01dc90 GCTaskThread "GC Thread#4" [stack: 0x0000005df9400000,0x0000005df9500000] [id=18180]
  0x0000025dbe01df40 GCTaskThread "GC Thread#5" [stack: 0x0000005df9500000,0x0000005df9600000] [id=11952]
  0x0000025dbdf038a0 GCTaskThread "GC Thread#6" [stack: 0x0000005df9600000,0x0000005df9700000] [id=7912]
  0x0000025dbdf03340 GCTaskThread "GC Thread#7" [stack: 0x0000005df9700000,0x0000005df9800000] [id=15144]
  0x0000025dbdf035f0 GCTaskThread "GC Thread#8" [stack: 0x0000005df9800000,0x0000005df9900000] [id=16528]
  0x0000025dbdf03b50 GCTaskThread "GC Thread#9" [stack: 0x0000005df9900000,0x0000005df9a00000] [id=9116]
  0x0000025d9a2353e0 ConcurrentGCThread "G1 Main Marker" [stack: 0x0000005df6c00000,0x0000005df6d00000] [id=192]
  0x0000025d9a235df0 ConcurrentGCThread "G1 Conc#0" [stack: 0x0000005df6d00000,0x0000005df6e00000] [id=16756]
  0x0000025d9a2a4550 ConcurrentGCThread "G1 Refine#0" [stack: 0x0000005df6e00000,0x0000005df6f00000] [id=1960]
  0x0000025dbe6b4020 ConcurrentGCThread "G1 Refine#1" [stack: 0x0000005df9a00000,0x0000005df9b00000] [id=5572]
  0x0000025dbe01a890 ConcurrentGCThread "G1 Refine#2" [stack: 0x0000005df9b00000,0x0000005df9c00000] [id=17416]
  0x0000025dbe01ab70 ConcurrentGCThread "G1 Refine#3" [stack: 0x0000005df9c00000,0x0000005df9d00000] [id=1516]
  0x0000025db72434e0 ConcurrentGCThread "G1 Service" [stack: 0x0000005df6f00000,0x0000005df7000000] [id=9444]

Threads with active compile tasks:
C2 CompilerThread0     7414 3677       4       javax.swing.GroupLayout$Group::calculateAutopadding (78 bytes)
C2 CompilerThread1     7414 3697 %     4       sun.java2d.marlin.Renderer::_endRendering @ 784 (2480 bytes)

VM state: not at safepoint (normal execution)

VM Mutex/Monitor currently owned by a thread: None

Heap address: 0x00000000a2200000, size: 1502 MB, Compressed Oops mode: 32-bit

CDS archive(s) mapped at: [0x0000000800000000-0x0000000800bc0000-0x0000000800bc0000), size 12320768, SharedBaseAddress: 0x0000000800000000, ArchiveRelocationMode: 0.
Compressed class space mapped at: 0x0000000800c00000-0x0000000840c00000, reserved size: 1073741824
Narrow klass base: 0x0000000800000000, Narrow klass shift: 0, Narrow klass range: 0x100000000

GC Precious Log:
 CPUs: 12 total, 12 available
 Memory: 6005M
 Large Page Support: Disabled
 NUMA Support: Disabled
 Compressed Oops: Enabled (32-bit)
 Heap Region Size: 1M
 Heap Min Capacity: 8M
 Heap Initial Capacity: 94M
 Heap Max Capacity: 1502M
 Pre-touch: Disabled
 Parallel Workers: 10
 Concurrent Workers: 3
 Concurrent Refinement Workers: 10
 Periodic GC: Disabled

Heap:
 garbage-first heap   total 96256K, used 21940K [0x00000000a2200000, 0x0000000100000000)
  region size 1024K, 11 young (11264K), 3 survivors (3072K)
 Metaspace       used 20124K, committed 20352K, reserved 1073152K
  class space    used 2158K, committed 2304K, reserved 1048576K

Heap Regions: E=young(eden), S=young(survivor), O=old, HS=humongous(starts), HC=humongous(continues), CS=collection set, F=free, OA=open archive, CA=closed archive, TAMS=top-at-mark-start (previous, next)
|   0|0x00000000a2200000, 0x00000000a2300000, 0x00000000a2300000|100%|HS|  |TAMS 0x00000000a2200000, 0x00000000a2200000| Complete 
|   1|0x00000000a2300000, 0x00000000a2400000, 0x00000000a2400000|100%|HC|  |TAMS 0x00000000a2300000, 0x00000000a2300000| Complete 
|   2|0x00000000a2400000, 0x00000000a2500000, 0x00000000a2500000|100%|HS|  |TAMS 0x00000000a2400000, 0x00000000a2400000| Complete 
|   3|0x00000000a2500000, 0x00000000a2600000, 0x00000000a2600000|100%|HS|  |TAMS 0x00000000a2500000, 0x00000000a2500000| Complete 
|   4|0x00000000a2600000, 0x00000000a2700000, 0x00000000a2700000|100%| O|  |TAMS 0x00000000a2600000, 0x00000000a2600000| Untracked 
|   5|0x00000000a2700000, 0x00000000a2800000, 0x00000000a2800000|100%| O|  |TAMS 0x00000000a2700000, 0x00000000a2700000| Untracked 
|   6|0x00000000a2800000, 0x00000000a2900000, 0x00000000a2900000|100%| O|  |TAMS 0x00000000a2800000, 0x00000000a2800000| Untracked 
|   7|0x00000000a2900000, 0x00000000a2a00000, 0x00000000a2a00000|100%| O|  |TAMS 0x00000000a2900000, 0x00000000a2900000| Untracked 
|   8|0x00000000a2a00000, 0x00000000a2b00000, 0x00000000a2b00000|100%| O|  |TAMS 0x00000000a2a00000, 0x00000000a2a00000| Untracked 
|   9|0x00000000a2b00000, 0x00000000a2c00000, 0x00000000a2c00000|100%| O|  |TAMS 0x00000000a2b00000, 0x00000000a2b00000| Untracked 
|  10|0x00000000a2c00000, 0x00000000a2d00000, 0x00000000a2d00000|100%| O|  |TAMS 0x00000000a2c00000, 0x00000000a2c00000| Untracked 
|  11|0x00000000a2d00000, 0x00000000a2d6d200, 0x00000000a2e00000| 42%| O|  |TAMS 0x00000000a2d00000, 0x00000000a2d00000| Untracked 
|  12|0x00000000a2e00000, 0x00000000a2e00000, 0x00000000a2f00000|  0%| F|  |TAMS 0x00000000a2e00000, 0x00000000a2e00000| Untracked 
|  13|0x00000000a2f00000, 0x00000000a2f00000, 0x00000000a3000000|  0%| F|  |TAMS 0x00000000a2f00000, 0x00000000a2f00000| Untracked 
|  14|0x00000000a3000000, 0x00000000a3000000, 0x00000000a3100000|  0%| F|  |TAMS 0x00000000a3000000, 0x00000000a3000000| Untracked 
|  15|0x00000000a3100000, 0x00000000a3100000, 0x00000000a3200000|  0%| F|  |TAMS 0x00000000a3100000, 0x00000000a3100000| Untracked 
|  16|0x00000000a3200000, 0x00000000a3200000, 0x00000000a3300000|  0%| F|  |TAMS 0x00000000a3200000, 0x00000000a3200000| Untracked 
|  17|0x00000000a3300000, 0x00000000a3300000, 0x00000000a3400000|  0%| F|  |TAMS 0x00000000a3300000, 0x00000000a3300000| Untracked 
|  18|0x00000000a3400000, 0x00000000a3400000, 0x00000000a3500000|  0%| F|  |TAMS 0x00000000a3400000, 0x00000000a3400000| Untracked 
|  19|0x00000000a3500000, 0x00000000a3500000, 0x00000000a3600000|  0%| F|  |TAMS 0x00000000a3500000, 0x00000000a3500000| Untracked 
|  20|0x00000000a3600000, 0x00000000a3600000, 0x00000000a3700000|  0%| F|  |TAMS 0x00000000a3600000, 0x00000000a3600000| Untracked 
|  21|0x00000000a3700000, 0x00000000a3700000, 0x00000000a3800000|  0%| F|  |TAMS 0x00000000a3700000, 0x00000000a3700000| Untracked 
|  22|0x00000000a3800000, 0x00000000a3800000, 0x00000000a3900000|  0%| F|  |TAMS 0x00000000a3800000, 0x00000000a3800000| Untracked 
|  23|0x00000000a3900000, 0x00000000a3900000, 0x00000000a3a00000|  0%| F|  |TAMS 0x00000000a3900000, 0x00000000a3900000| Untracked 
|  24|0x00000000a3a00000, 0x00000000a3a00000, 0x00000000a3b00000|  0%| F|  |TAMS 0x00000000a3a00000, 0x00000000a3a00000| Untracked 
|  25|0x00000000a3b00000, 0x00000000a3b00000, 0x00000000a3c00000|  0%| F|  |TAMS 0x00000000a3b00000, 0x00000000a3b00000| Untracked 
|  26|0x00000000a3c00000, 0x00000000a3c00000, 0x00000000a3d00000|  0%| F|  |TAMS 0x00000000a3c00000, 0x00000000a3c00000| Untracked 
|  27|0x00000000a3d00000, 0x00000000a3d00000, 0x00000000a3e00000|  0%| F|  |TAMS 0x00000000a3d00000, 0x00000000a3d00000| Untracked 
|  28|0x00000000a3e00000, 0x00000000a3e00000, 0x00000000a3f00000|  0%| F|  |TAMS 0x00000000a3e00000, 0x00000000a3e00000| Untracked 
|  29|0x00000000a3f00000, 0x00000000a3f00000, 0x00000000a4000000|  0%| F|  |TAMS 0x00000000a3f00000, 0x00000000a3f00000| Untracked 
|  30|0x00000000a4000000, 0x00000000a4000000, 0x00000000a4100000|  0%| F|  |TAMS 0x00000000a4000000, 0x00000000a4000000| Untracked 
|  31|0x00000000a4100000, 0x00000000a4100000, 0x00000000a4200000|  0%| F|  |TAMS 0x00000000a4100000, 0x00000000a4100000| Untracked 
|  32|0x00000000a4200000, 0x00000000a4200000, 0x00000000a4300000|  0%| F|  |TAMS 0x00000000a4200000, 0x00000000a4200000| Untracked 
|  33|0x00000000a4300000, 0x00000000a4300000, 0x00000000a4400000|  0%| F|  |TAMS 0x00000000a4300000, 0x00000000a4300000| Untracked 
|  34|0x00000000a4400000, 0x00000000a4400000, 0x00000000a4500000|  0%| F|  |TAMS 0x00000000a4400000, 0x00000000a4400000| Untracked 
|  35|0x00000000a4500000, 0x00000000a4500000, 0x00000000a4600000|  0%| F|  |TAMS 0x00000000a4500000, 0x00000000a4500000| Untracked 
|  36|0x00000000a4600000, 0x00000000a4600000, 0x00000000a4700000|  0%| F|  |TAMS 0x00000000a4600000, 0x00000000a4600000| Untracked 
|  37|0x00000000a4700000, 0x00000000a4700000, 0x00000000a4800000|  0%| F|  |TAMS 0x00000000a4700000, 0x00000000a4700000| Untracked 
|  38|0x00000000a4800000, 0x00000000a4800000, 0x00000000a4900000|  0%| F|  |TAMS 0x00000000a4800000, 0x00000000a4800000| Untracked 
|  39|0x00000000a4900000, 0x00000000a4900000, 0x00000000a4a00000|  0%| F|  |TAMS 0x00000000a4900000, 0x00000000a4900000| Untracked 
|  40|0x00000000a4a00000, 0x00000000a4a00000, 0x00000000a4b00000|  0%| F|  |TAMS 0x00000000a4a00000, 0x00000000a4a00000| Untracked 
|  41|0x00000000a4b00000, 0x00000000a4b00000, 0x00000000a4c00000|  0%| F|  |TAMS 0x00000000a4b00000, 0x00000000a4b00000| Untracked 
|  42|0x00000000a4c00000, 0x00000000a4c00000, 0x00000000a4d00000|  0%| F|  |TAMS 0x00000000a4c00000, 0x00000000a4c00000| Untracked 
|  43|0x00000000a4d00000, 0x00000000a4d00000, 0x00000000a4e00000|  0%| F|  |TAMS 0x00000000a4d00000, 0x00000000a4d00000| Untracked 
|  44|0x00000000a4e00000, 0x00000000a4e00000, 0x00000000a4f00000|  0%| F|  |TAMS 0x00000000a4e00000, 0x00000000a4e00000| Untracked 
|  45|0x00000000a4f00000, 0x00000000a4f00000, 0x00000000a5000000|  0%| F|  |TAMS 0x00000000a4f00000, 0x00000000a4f00000| Untracked 
|  46|0x00000000a5000000, 0x00000000a5000000, 0x00000000a5100000|  0%| F|  |TAMS 0x00000000a5000000, 0x00000000a5000000| Untracked 
|  47|0x00000000a5100000, 0x00000000a5100000, 0x00000000a5200000|  0%| F|  |TAMS 0x00000000a5100000, 0x00000000a5100000| Untracked 
|  48|0x00000000a5200000, 0x00000000a5200000, 0x00000000a5300000|  0%| F|  |TAMS 0x00000000a5200000, 0x00000000a5200000| Untracked 
|  49|0x00000000a5300000, 0x00000000a5300000, 0x00000000a5400000|  0%| F|  |TAMS 0x00000000a5300000, 0x00000000a5300000| Untracked 
|  50|0x00000000a5400000, 0x00000000a5400000, 0x00000000a5500000|  0%| F|  |TAMS 0x00000000a5400000, 0x00000000a5400000| Untracked 
|  51|0x00000000a5500000, 0x00000000a5500000, 0x00000000a5600000|  0%| F|  |TAMS 0x00000000a5500000, 0x00000000a5500000| Untracked 
|  52|0x00000000a5600000, 0x00000000a5600000, 0x00000000a5700000|  0%| F|  |TAMS 0x00000000a5600000, 0x00000000a5600000| Untracked 
|  53|0x00000000a5700000, 0x00000000a5700000, 0x00000000a5800000|  0%| F|  |TAMS 0x00000000a5700000, 0x00000000a5700000| Untracked 
|  54|0x00000000a5800000, 0x00000000a5800000, 0x00000000a5900000|  0%| F|  |TAMS 0x00000000a5800000, 0x00000000a5800000| Untracked 
|  55|0x00000000a5900000, 0x00000000a5900000, 0x00000000a5a00000|  0%| F|  |TAMS 0x00000000a5900000, 0x00000000a5900000| Untracked 
|  56|0x00000000a5a00000, 0x00000000a5a00000, 0x00000000a5b00000|  0%| F|  |TAMS 0x00000000a5a00000, 0x00000000a5a00000| Untracked 
|  57|0x00000000a5b00000, 0x00000000a5b00000, 0x00000000a5c00000|  0%| F|  |TAMS 0x00000000a5b00000, 0x00000000a5b00000| Untracked 
|  58|0x00000000a5c00000, 0x00000000a5c00000, 0x00000000a5d00000|  0%| F|  |TAMS 0x00000000a5c00000, 0x00000000a5c00000| Untracked 
|  59|0x00000000a5d00000, 0x00000000a5d00000, 0x00000000a5e00000|  0%| F|  |TAMS 0x00000000a5d00000, 0x00000000a5d00000| Untracked 
|  60|0x00000000a5e00000, 0x00000000a5e00000, 0x00000000a5f00000|  0%| F|  |TAMS 0x00000000a5e00000, 0x00000000a5e00000| Untracked 
|  61|0x00000000a5f00000, 0x00000000a5f00000, 0x00000000a6000000|  0%| F|  |TAMS 0x00000000a5f00000, 0x00000000a5f00000| Untracked 
|  62|0x00000000a6000000, 0x00000000a6000000, 0x00000000a6100000|  0%| F|  |TAMS 0x00000000a6000000, 0x00000000a6000000| Untracked 
|  63|0x00000000a6100000, 0x00000000a6100000, 0x00000000a6200000|  0%| F|  |TAMS 0x00000000a6100000, 0x00000000a6100000| Untracked 
|  64|0x00000000a6200000, 0x00000000a6200000, 0x00000000a6300000|  0%| F|  |TAMS 0x00000000a6200000, 0x00000000a6200000| Untracked 
|  65|0x00000000a6300000, 0x00000000a6300000, 0x00000000a6400000|  0%| F|  |TAMS 0x00000000a6300000, 0x00000000a6300000| Untracked 
|  66|0x00000000a6400000, 0x00000000a6400000, 0x00000000a6500000|  0%| F|  |TAMS 0x00000000a6400000, 0x00000000a6400000| Untracked 
|  67|0x00000000a6500000, 0x00000000a6500000, 0x00000000a6600000|  0%| F|  |TAMS 0x00000000a6500000, 0x00000000a6500000| Untracked 
|  68|0x00000000a6600000, 0x00000000a6600000, 0x00000000a6700000|  0%| F|  |TAMS 0x00000000a6600000, 0x00000000a6600000| Untracked 
|  69|0x00000000a6700000, 0x00000000a6700000, 0x00000000a6800000|  0%| F|  |TAMS 0x00000000a6700000, 0x00000000a6700000| Untracked 
|  70|0x00000000a6800000, 0x00000000a6800000, 0x00000000a6900000|  0%| F|  |TAMS 0x00000000a6800000, 0x00000000a6800000| Untracked 
|  71|0x00000000a6900000, 0x00000000a6900000, 0x00000000a6a00000|  0%| F|  |TAMS 0x00000000a6900000, 0x00000000a6900000| Untracked 
|  72|0x00000000a6a00000, 0x00000000a6a00000, 0x00000000a6b00000|  0%| F|  |TAMS 0x00000000a6a00000, 0x00000000a6a00000| Untracked 
|  73|0x00000000a6b00000, 0x00000000a6c00000, 0x00000000a6c00000|100%| S|CS|TAMS 0x00000000a6b00000, 0x00000000a6b00000| Complete 
|  74|0x00000000a6c00000, 0x00000000a6d00000, 0x00000000a6d00000|100%| S|CS|TAMS 0x00000000a6c00000, 0x00000000a6c00000| Complete 
|  75|0x00000000a6d00000, 0x00000000a6e00000, 0x00000000a6e00000|100%| S|CS|TAMS 0x00000000a6d00000, 0x00000000a6d00000| Complete 
|  76|0x00000000a6e00000, 0x00000000a6e00000, 0x00000000a6f00000|  0%| F|  |TAMS 0x00000000a6e00000, 0x00000000a6e00000| Untracked 
|  77|0x00000000a6f00000, 0x00000000a6f00000, 0x00000000a7000000|  0%| F|  |TAMS 0x00000000a6f00000, 0x00000000a6f00000| Untracked 
|  78|0x00000000a7000000, 0x00000000a7000000, 0x00000000a7100000|  0%| F|  |TAMS 0x00000000a7000000, 0x00000000a7000000| Untracked 
|  79|0x00000000a7100000, 0x00000000a7100000, 0x00000000a7200000|  0%| F|  |TAMS 0x00000000a7100000, 0x00000000a7100000| Untracked 
|  80|0x00000000a7200000, 0x00000000a7200000, 0x00000000a7300000|  0%| F|  |TAMS 0x00000000a7200000, 0x00000000a7200000| Untracked 
|  81|0x00000000a7300000, 0x00000000a7300000, 0x00000000a7400000|  0%| F|  |TAMS 0x00000000a7300000, 0x00000000a7300000| Untracked 
|  82|0x00000000a7400000, 0x00000000a7400000, 0x00000000a7500000|  0%| F|  |TAMS 0x00000000a7400000, 0x00000000a7400000| Untracked 
|  83|0x00000000a7500000, 0x00000000a7500000, 0x00000000a7600000|  0%| F|  |TAMS 0x00000000a7500000, 0x00000000a7500000| Untracked 
|  84|0x00000000a7600000, 0x00000000a7600000, 0x00000000a7700000|  0%| F|  |TAMS 0x00000000a7600000, 0x00000000a7600000| Untracked 
|  85|0x00000000a7700000, 0x00000000a7700000, 0x00000000a7800000|  0%| F|  |TAMS 0x00000000a7700000, 0x00000000a7700000| Untracked 
|  86|0x00000000a7800000, 0x00000000a7880800, 0x00000000a7900000| 50%| E|  |TAMS 0x00000000a7800000, 0x00000000a7800000| Complete 
|  87|0x00000000a7900000, 0x00000000a7a00000, 0x00000000a7a00000|100%| E|CS|TAMS 0x00000000a7900000, 0x00000000a7900000| Complete 
|  88|0x00000000a7a00000, 0x00000000a7b00000, 0x00000000a7b00000|100%| E|CS|TAMS 0x00000000a7a00000, 0x00000000a7a00000| Complete 
|  89|0x00000000a7b00000, 0x00000000a7c00000, 0x00000000a7c00000|100%| E|CS|TAMS 0x00000000a7b00000, 0x00000000a7b00000| Complete 
|  90|0x00000000a7c00000, 0x00000000a7d00000, 0x00000000a7d00000|100%| E|CS|TAMS 0x00000000a7c00000, 0x00000000a7c00000| Complete 
|  91|0x00000000a7d00000, 0x00000000a7e00000, 0x00000000a7e00000|100%| E|CS|TAMS 0x00000000a7d00000, 0x00000000a7d00000| Complete 
|  92|0x00000000a7e00000, 0x00000000a7f00000, 0x00000000a7f00000|100%| E|CS|TAMS 0x00000000a7e00000, 0x00000000a7e00000| Complete 
|  93|0x00000000a7f00000, 0x00000000a8000000, 0x00000000a8000000|100%| E|CS|TAMS 0x00000000a7f00000, 0x00000000a7f00000| Complete 

Card table byte_map: [0x0000025db1290000,0x0000025db1580000] _byte_map_base: 0x0000025db0d7f000

Marking Bits (Prev, Next): (CMBitMap*) 0x0000025d9a228d90, (CMBitMap*) 0x0000025d9a228dd0
 Prev Bits: [0x0000025db1870000, 0x0000025db2fe8000)
 Next Bits: [0x0000025db2ff0000, 0x0000025db4768000)

Polling page: 0x0000025d98170000

Metaspace:

Usage:
  Non-class:     17.54 MB used.
      Class:      2.11 MB used.
       Both:     19.65 MB used.

Virtual space:
  Non-class space:       24.00 MB reserved,      17.62 MB ( 73%) committed,  3 nodes.
      Class space:        1.00 GB reserved,       2.25 MB ( <1%) committed,  1 nodes.
             Both:        1.02 GB reserved,      19.88 MB (  2%) committed. 

Chunk freelists:
   Non-Class:  2.07 MB
       Class:  1.62 MB
        Both:  3.69 MB

MaxMetaspaceSize: unlimited
CompressedClassSpaceSize: 1.00 GB
Initial GC threshold: 21.00 MB
Current GC threshold: 21.00 MB
CDS: on
MetaspaceReclaimPolicy: balanced
 - commit_granule_bytes: 65536.
 - commit_granule_words: 8192.
 - virtual_space_node_default_size: 1048576.
 - enlarge_chunks_in_place: 1.
 - new_chunks_are_fully_committed: 0.
 - uncommit_free_chunks: 1.
 - use_allocation_guard: 0.
 - handle_deallocations: 1.


Internal statistics:

num_allocs_failed_limit: 0.
num_arena_births: 214.
num_arena_deaths: 0.
num_vsnodes_births: 4.
num_vsnodes_deaths: 0.
num_space_committed: 318.
num_space_uncommitted: 0.
num_chunks_returned_to_freelist: 0.
num_chunks_taken_from_freelist: 528.
num_chunk_merges: 0.
num_chunk_splits: 313.
num_chunks_enlarged: 169.
num_purges: 0.
num_inconsistent_stats: 0.

CodeHeap 'non-profiled nmethods': size=120000Kb used=1488Kb max_used=1488Kb free=118511Kb
 bounds [0x0000025da9520000, 0x0000025da9790000, 0x0000025db0a50000]
CodeHeap 'profiled nmethods': size=120000Kb used=8042Kb max_used=8042Kb free=111957Kb
 bounds [0x0000025da1ff0000, 0x0000025da27d0000, 0x0000025da9520000]
CodeHeap 'non-nmethods': size=5760Kb used=1437Kb max_used=1455Kb free=4322Kb
 bounds [0x0000025da1a50000, 0x0000025da1cc0000, 0x0000025da1ff0000]
 total_blobs=4543 nmethods=3736 adapters=717
 compilation: enabled
              stopped_count=0, restarted_count=0
 full_count=0

Compilation events (20 events):
Event: 7.374 Thread 0x0000025db7399420 nmethod 3711 0x0000025da27a7d10 code [0x0000025da27a7ec0, 0x0000025da27a8148]
Event: 7.376 Thread 0x0000025db7399420 3712       3       java.awt.geom.AffineTransform::<init> (57 bytes)
Event: 7.376 Thread 0x0000025db7399420 nmethod 3712 0x0000025da27a8210 code [0x0000025da27a83c0, 0x0000025da27a86a8]
Event: 7.376 Thread 0x0000025db7399420 3713       3       java.awt.geom.Path2D::append (13 bytes)
Event: 7.377 Thread 0x0000025db7399420 nmethod 3713 0x0000025da27a8810 code [0x0000025da27a89c0, 0x0000025da27a8c78]
Event: 7.377 Thread 0x0000025db7399420 3714       3       sun.java2d.pipe.SpanClipRenderer::needTile (27 bytes)
Event: 7.377 Thread 0x0000025db7399420 nmethod 3714 0x0000025da27a8d90 code [0x0000025da27a8f40, 0x0000025da27a9228]
Event: 7.377 Thread 0x0000025db7399420 3715       3       sun.java2d.pipe.SpanClipRenderer::renderPathTile (219 bytes)
Event: 7.377 Thread 0x0000025db7399420 nmethod 3715 0x0000025da27a9390 code [0x0000025da27a95a0, 0x0000025da27aa008]
Event: 7.377 Thread 0x0000025db7399420 3716       3       sun.java2d.pipe.RegionIterator::createCopy (30 bytes)
Event: 7.377 Thread 0x0000025db7399420 nmethod 3716 0x0000025da27aa410 code [0x0000025da27aa5c0, 0x0000025da27aa858]
Event: 7.378 Thread 0x0000025db7399420 3718       3       sun.font.Font2D::getStrike (174 bytes)
Event: 7.378 Thread 0x0000025db7399420 nmethod 3718 0x0000025da27aa990 code [0x0000025da27aaca0, 0x0000025da27abfc8]
Event: 7.384 Thread 0x0000025db7399420 3720       3       java.awt.Window::getBackground (5 bytes)
Event: 7.384 Thread 0x0000025db7399420 nmethod 3720 0x0000025da27ac610 code [0x0000025da27ac7e0, 0x0000025da27acb08]
Event: 7.385 Thread 0x0000025db7399420 3721       1       javax.swing.JTextField::getHorizontalVisibility (5 bytes)
Event: 7.386 Thread 0x0000025db7399420 nmethod 3721 0x0000025da9692490 code [0x0000025da9692620, 0x0000025da96926f8]
Event: 7.386 Thread 0x0000025db7399420 3722       3       java.awt.Toolkit$ToolkitEventMulticaster::eventDispatched (27 bytes)
Event: 7.387 Thread 0x0000025db7399420 nmethod 3722 0x0000025da27acc10 code [0x0000025da27acde0, 0x0000025da27ad2d8]
Event: 7.388 Thread 0x0000025db7399420 3723       3       sun.awt.windows.WComponentPeer::handleEvent (173 bytes)

GC Heap History (4 events):
Event: 4.698 GC heap before
{Heap before GC invocations=0 (full 0):
 garbage-first heap   total 96256K, used 26624K [0x00000000a2200000, 0x0000000100000000)
  region size 1024K, 23 young (23552K), 0 survivors (0K)
 Metaspace       used 16387K, committed 16576K, reserved 1064960K
  class space    used 1840K, committed 1920K, reserved 1048576K
}
Event: 4.704 GC heap after
{Heap after GC invocations=1 (full 0):
 garbage-first heap   total 96256K, used 11388K [0x00000000a2200000, 0x0000000100000000)
  region size 1024K, 3 young (3072K), 3 survivors (3072K)
 Metaspace       used 16387K, committed 16576K, reserved 1064960K
  class space    used 1840K, committed 1920K, reserved 1048576K
}
Event: 7.019 GC heap before
{Heap before GC invocations=1 (full 0):
 garbage-first heap   total 96256K, used 29820K [0x00000000a2200000, 0x0000000100000000)
  region size 1024K, 21 young (21504K), 3 survivors (3072K)
 Metaspace       used 19566K, committed 19840K, reserved 1073152K
  class space    used 2132K, committed 2304K, reserved 1048576K
}
Event: 7.023 GC heap after
{Heap after GC invocations=2 (full 0):
 garbage-first heap   total 96256K, used 14772K [0x00000000a2200000, 0x0000000100000000)
  region size 1024K, 3 young (3072K), 3 survivors (3072K)
 Metaspace       used 19566K, committed 19840K, reserved 1073152K
  class space    used 2132K, committed 2304K, reserved 1048576K
}

Deoptimization events (20 events):
Event: 7.250 Thread 0x0000025db8432c20 DEOPT PACKING pc=0x0000025da96863e8 sp=0x0000005df80fd210
Event: 7.250 Thread 0x0000025db8432c20 DEOPT UNPACKING pc=0x0000025da1aa23a3 sp=0x0000005df80fd1c0 mode 2
Event: 7.250 Thread 0x0000025db8432c20 Uncommon trap: trap_request=0xffffffc6 fr.pc=0x0000025da96863e8 relative=0x0000000000001088
Event: 7.250 Thread 0x0000025db8432c20 Uncommon trap: reason=bimorphic_or_optimized_type_check action=maybe_recompile pc=0x0000025da96863e8 method=javax.swing.GroupLayout$Group.calculateSize(II)I @ 57 c2
Event: 7.250 Thread 0x0000025db8432c20 DEOPT PACKING pc=0x0000025da96863e8 sp=0x0000005df80fd290
Event: 7.250 Thread 0x0000025db8432c20 DEOPT UNPACKING pc=0x0000025da1aa23a3 sp=0x0000005df80fd240 mode 2
Event: 7.252 Thread 0x0000025db8432c20 Uncommon trap: trap_request=0xffffffc6 fr.pc=0x0000025da96863e8 relative=0x0000000000001088
Event: 7.252 Thread 0x0000025db8432c20 Uncommon trap: reason=bimorphic_or_optimized_type_check action=maybe_recompile pc=0x0000025da96863e8 method=javax.swing.GroupLayout$Group.calculateSize(II)I @ 57 c2
Event: 7.252 Thread 0x0000025db8432c20 DEOPT PACKING pc=0x0000025da96863e8 sp=0x0000005df80fd8f0
Event: 7.252 Thread 0x0000025db8432c20 DEOPT UNPACKING pc=0x0000025da1aa23a3 sp=0x0000005df80fd8a0 mode 2
Event: 7.331 Thread 0x0000025dbdcbdf90 Uncommon trap: trap_request=0xffffffcc fr.pc=0x0000025da968c04c relative=0x000000000000032c
Event: 7.331 Thread 0x0000025dbdcbdf90 Uncommon trap: reason=intrinsic_or_type_checked_inlining action=make_not_entrant pc=0x0000025da968c04c method=java.util.Arrays.copyOf([Ljava/lang/Object;ILjava/lang/Class;)[Ljava/lang/Object; @ 35 c2
Event: 7.331 Thread 0x0000025dbdcbdf90 DEOPT PACKING pc=0x0000025da968c04c sp=0x0000005df8dfee60
Event: 7.331 Thread 0x0000025dbdcbdf90 DEOPT UNPACKING pc=0x0000025da1aa23a3 sp=0x0000005df8dfedf0 mode 2
Event: 7.347 Thread 0x0000025db8432c20 Uncommon trap: trap_request=0xffffff45 fr.pc=0x0000025da95ec6c4 relative=0x0000000000000c64
Event: 7.347 Thread 0x0000025db8432c20 Uncommon trap: reason=unstable_if action=reinterpret pc=0x0000025da95ec6c4 method=sun.java2d.marlin.MarlinCache.copyAARowRLE_WithBlockFlags([I[IIII)V @ 462 c2
Event: 7.347 Thread 0x0000025db8432c20 DEOPT PACKING pc=0x0000025da95ec6c4 sp=0x0000005df80fd000
Event: 7.347 Thread 0x0000025db8432c20 DEOPT UNPACKING pc=0x0000025da1aa23a3 sp=0x0000005df80fcee8 mode 2
Event: 7.353 Thread 0x0000025db8432c20 DEOPT PACKING pc=0x0000025da24a5bd7 sp=0x0000005df80fcd70
Event: 7.353 Thread 0x0000025db8432c20 DEOPT UNPACKING pc=0x0000025da1aa2b43 sp=0x0000005df80fc170 mode 0

Classes unloaded (0 events):
No events

Classes redefined (0 events):
No events

Internal exceptions (20 events):
Event: 0.183 Thread 0x0000025d9a1ddb60 Exception <a 'java/lang/NoSuchMethodError'{0x00000000a7a3e0b0}: 'java.lang.Object java.lang.invoke.DirectMethodHandle$Holder.invokeStaticInit(java.lang.Object)'> (0x00000000a7a3e0b0) 
thrown [t:\workspace\open\src\hotspot\share\interpreter\linkResolver.cpp, line 766]
Event: 0.205 Thread 0x0000025d9a1ddb60 Exception <a 'java/lang/NoSuchMethodError'{0x00000000a7a6ac78}: 'void java.lang.invoke.DirectMethodHandle$Holder.invokeSpecial(java.lang.Object, java.lang.Object, java.lang.Object)'> (0x00000000a7a6ac78) 
thrown [t:\workspace\open\src\hotspot\share\interpreter\linkResolver.cpp, line 766]
Event: 0.212 Thread 0x0000025d9a1ddb60 Exception <a 'java/lang/NoSuchMethodError'{0x00000000a7905948}: 'void java.lang.invoke.DirectMethodHandle$Holder.invokeStatic(java.lang.Object, java.lang.Object)'> (0x00000000a7905948) 
thrown [t:\workspace\open\src\hotspot\share\interpreter\linkResolver.cpp, line 766]
Event: 0.216 Thread 0x0000025d9a1ddb60 Exception <a 'java/lang/NoSuchMethodError'{0x00000000a792c4c8}: 'java.lang.Object java.lang.invoke.DirectMethodHandle$Holder.newInvokeSpecial(java.lang.Object, java.lang.Object, java.lang.Object, java.lang.Object, java.lang.Object)'> (0x00000000a792c4c8) 
thrown [t:\workspace\open\src\hotspot\share\interpreter\linkResolver.cpp, line 766]
Event: 0.218 Thread 0x0000025d9a1ddb60 Exception <a 'java/lang/NoSuchMethodError'{0x00000000a7937be8}: 'java.lang.Object java.lang.invoke.DirectMethodHandle$Holder.invokeStatic(java.lang.Object, int, java.lang.Object, java.lang.Object, java.lang.Object, java.lang.Object)'> (0x00000000a7937be8) 
thrown [t:\workspace\open\src\hotspot\share\interpreter\linkResolver.cpp, line 766]
Event: 0.221 Thread 0x0000025d9a1ddb60 Exception <a 'java/lang/NoSuchMethodError'{0x00000000a795d0d0}: 'java.lang.Object java.lang.invoke.DirectMethodHandle$Holder.invokeStatic(java.lang.Object, int, java.lang.Object)'> (0x00000000a795d0d0) 
thrown [t:\workspace\open\src\hotspot\share\interpreter\linkResolver.cpp, line 766]
Event: 0.234 Thread 0x0000025d9a1ddb60 Exception <a 'java/lang/ClassNotFoundException'{0x00000000a79ad478}: com/sun/swing/internal/plaf/basic/resources/spi/basicProvider> (0x00000000a79ad478) 
thrown [t:\workspace\open\src\hotspot\share\classfile\systemDictionary.cpp, line 256]
Event: 0.237 Thread 0x0000025d9a1ddb60 Exception <a 'java/lang/NoSuchMethodError'{0x00000000a79ccea8}: 'int java.lang.invoke.DirectMethodHandle$Holder.invokeStatic(java.lang.Object)'> (0x00000000a79ccea8) 
thrown [t:\workspace\open\src\hotspot\share\interpreter\linkResolver.cpp, line 766]
Event: 0.391 Thread 0x0000025db8432c20 Implicit null exception at 0x0000025da955a15e to 0x0000025da955ab58
Event: 0.392 Thread 0x0000025db8432c20 Implicit null exception at 0x0000025da9554e11 to 0x0000025da955517c
Event: 0.404 Thread 0x0000025db8432c20 Exception <a 'sun/nio/fs/WindowsException'{0x00000000a76a8a88}> (0x00000000a76a8a88) 
thrown [t:\workspace\open\src\hotspot\share\prims\jni.cpp, line 516]
Event: 0.439 Thread 0x0000025db8432c20 Exception <a 'java/lang/NoSuchMethodError'{0x00000000a7528e70}: 'java.lang.Object java.lang.invoke.DirectMethodHandle$Holder.invokeVirtual(java.lang.Object, java.lang.Object, java.lang.Object, java.lang.Object)'> (0x00000000a7528e70) 
thrown [t:\workspace\open\src\hotspot\share\interpreter\linkResolver.cpp, line 766]
Event: 0.484 Thread 0x0000025db8b83850 Exception <a 'java/lang/NoSuchMethodError'{0x00000000a7361ac8}: 'java.lang.Object java.lang.invoke.DirectMethodHandle$Holder.newInvokeSpecial(java.lang.Object, java.lang.Object, java.lang.Object, int, int, int, int, int)'> (0x00000000a7361ac8) 
thrown [t:\workspace\open\src\hotspot\share\interpreter\linkResolver.cpp, line 766]
Event: 0.493 Thread 0x0000025db8432c20 Exception <a 'java/lang/NoSuchMethodError'{0x00000000a757d568}: 'void java.lang.invoke.DirectMethodHandle$Holder.invokeStatic(java.lang.Object, java.lang.Object, java.lang.Object)'> (0x00000000a757d568) 
thrown [t:\workspace\open\src\hotspot\share\interpreter\linkResolver.cpp, line 766]
Event: 0.502 Thread 0x0000025db83d2370 Exception <a 'java/lang/NoSuchMethodError'{0x00000000a7a85aa0}: 'void java.lang.invoke.DirectMethodHandle$Holder.invokeVirtual(java.lang.Object, java.lang.Object)'> (0x00000000a7a85aa0) 
thrown [t:\workspace\open\src\hotspot\share\interpreter\linkResolver.cpp, line 766]
Event: 0.514 Thread 0x0000025db8432c20 Exception <a 'java/lang/NoSuchMethodError'{0x00000000a75af438}: 'void java.lang.invoke.DirectMethodHandle$Holder.invokeStaticInit(java.lang.Object)'> (0x00000000a75af438) 
thrown [t:\workspace\open\src\hotspot\share\interpreter\linkResolver.cpp, line 766]
Event: 4.382 Thread 0x0000025db8432c20 Exception <a 'java/lang/NoSuchMethodError'{0x00000000a70d7450}: 'java.lang.Object java.lang.invoke.DirectMethodHandle$Holder.invokeInterface(java.lang.Object, java.lang.Object)'> (0x00000000a70d7450) 
thrown [t:\workspace\open\src\hotspot\share\interpreter\linkResolver.cpp, line 766]
Event: 5.781 Thread 0x0000025db8432c20 Exception <a 'java/lang/NoSuchMethodError'{0x00000000a7ce86d8}: 'void java.lang.invoke.DirectMethodHandle$Holder.invokeSpecial(java.lang.Object, java.lang.Object, java.lang.Object, int, int, int, int, double)'> (0x00000000a7ce86d8) 
thrown [t:\workspace\open\src\hotspot\share\interpreter\linkResolver.cpp, line 766]
Event: 6.877 Thread 0x0000025db8432c20 Exception <a 'java/io/FileNotFoundException'{0x00000000a727b588}> (0x00000000a727b588) 
thrown [t:\workspace\open\src\hotspot\share\prims\jni.cpp, line 516]
Event: 6.878 Thread 0x0000025db8432c20 Exception <a 'java/io/FileNotFoundException'{0x00000000a7281800}> (0x00000000a7281800) 
thrown [t:\workspace\open\src\hotspot\share\prims\jni.cpp, line 516]

VM Operations (20 events):
Event: 5.764 Executing VM operation: HandshakeAllThreads
Event: 5.764 Executing VM operation: HandshakeAllThreads done
Event: 5.783 Executing VM operation: HandshakeAllThreads
Event: 5.783 Executing VM operation: HandshakeAllThreads done
Event: 6.589 Executing VM operation: HandshakeAllThreads
Event: 6.589 Executing VM operation: HandshakeAllThreads done
Event: 6.589 Executing VM operation: Cleanup
Event: 6.589 Executing VM operation: Cleanup done
Event: 6.741 Executing VM operation: HandshakeAllThreads
Event: 6.741 Executing VM operation: HandshakeAllThreads done
Event: 6.895 Executing VM operation: ICBufferFull
Event: 6.895 Executing VM operation: ICBufferFull done
Event: 7.019 Executing VM operation: G1CollectForAllocation
Event: 7.023 Executing VM operation: G1CollectForAllocation done
Event: 7.212 Executing VM operation: ICBufferFull
Event: 7.212 Executing VM operation: ICBufferFull done
Event: 7.213 Executing VM operation: HandshakeAllThreads
Event: 7.213 Executing VM operation: HandshakeAllThreads done
Event: 7.331 Executing VM operation: ICBufferFull
Event: 7.331 Executing VM operation: ICBufferFull done

Events (20 events):
Event: 7.338 loading class sun/awt/geom/AreaOp$NZWindOp
Event: 7.338 loading class sun/awt/geom/AreaOp
Event: 7.338 loading class sun/awt/geom/AreaOp done
Event: 7.338 loading class sun/awt/geom/AreaOp$NZWindOp done
Event: 7.338 loading class sun/awt/geom/AreaOp$1
Event: 7.338 loading class sun/awt/geom/AreaOp$1 done
Event: 7.338 loading class sun/awt/geom/CurveLink
Event: 7.338 loading class sun/awt/geom/CurveLink done
Event: 7.338 loading class sun/awt/geom/ChainEnd
Event: 7.338 loading class sun/awt/geom/ChainEnd done
Event: 7.338 loading class sun/awt/geom/Edge
Event: 7.338 loading class sun/awt/geom/Edge done
Event: 7.338 loading class java/awt/geom/Path2D$Double$CopyIterator
Event: 7.338 loading class java/awt/geom/Path2D$Double$CopyIterator done
Event: 7.338 loading class sun/awt/geom/AreaOp$IntOp
Event: 7.338 loading class sun/awt/geom/AreaOp$CAGOp
Event: 7.338 loading class sun/awt/geom/AreaOp$CAGOp done
Event: 7.338 loading class sun/awt/geom/AreaOp$IntOp done
Event: 7.339 loading class java/awt/geom/AreaIterator
Event: 7.339 loading class java/awt/geom/AreaIterator done


Dynamic libraries:
0x00007ff6618e0000 - 0x00007ff6618f0000 	C:\Program Files\Java\jdk-17.0.3.1\bin\java.exe
0x00007ffe6f930000 - 0x00007ffe6fb44000 	C:\WINDOWS\SYSTEM32\ntdll.dll
0x00007ffe6f120000 - 0x00007ffe6f1e2000 	C:\WINDOWS\System32\KERNEL32.DLL
0x00007ffe6d3a0000 - 0x00007ffe6d73c000 	C:\WINDOWS\System32\KERNELBASE.dll
0x00007ffe6cd70000 - 0x00007ffe6ce81000 	C:\WINDOWS\System32\ucrtbase.dll
0x00007ffe330b0000 - 0x00007ffe330c8000 	C:\Program Files\Java\jdk-17.0.3.1\bin\jli.dll
0x00007ffe69350000 - 0x00007ffe6936a000 	C:\Program Files\Java\jdk-17.0.3.1\bin\VCRUNTIME140.dll
0x00007ffe6f790000 - 0x00007ffe6f83e000 	C:\WINDOWS\System32\ADVAPI32.dll
0x00007ffe6f420000 - 0x00007ffe6f4c7000 	C:\WINDOWS\System32\msvcrt.dll
0x00007ffe6f840000 - 0x00007ffe6f8e4000 	C:\WINDOWS\System32\sechost.dll
0x00007ffe6f290000 - 0x00007ffe6f3a7000 	C:\WINDOWS\System32\RPCRT4.dll
0x00007ffe6e030000 - 0x00007ffe6e1db000 	C:\WINDOWS\System32\USER32.dll
0x00007ffe6d160000 - 0x00007ffe6d186000 	C:\WINDOWS\System32\win32u.dll
0x00007ffe574d0000 - 0x00007ffe5775e000 	C:\WINDOWS\WinSxS\amd64_microsoft.windows.common-controls_6595b64144ccf1df_6.0.22621.608_none_a9444ca7c10bb01d\COMCTL32.dll
0x00007ffe6e1e0000 - 0x00007ffe6e209000 	C:\WINDOWS\System32\GDI32.dll
0x00007ffe6d040000 - 0x00007ffe6d153000 	C:\WINDOWS\System32\gdi32full.dll
0x00007ffe6d190000 - 0x00007ffe6d22a000 	C:\WINDOWS\System32\msvcp_win.dll
0x00007ffe64ac0000 - 0x00007ffe64aca000 	C:\WINDOWS\SYSTEM32\VERSION.dll
0x00007ffe6e5f0000 - 0x00007ffe6e621000 	C:\WINDOWS\System32\IMM32.DLL
0x00007ffe67a80000 - 0x00007ffe67a8c000 	C:\Program Files\Java\jdk-17.0.3.1\bin\vcruntime140_1.dll
0x00007ffe5cb70000 - 0x00007ffe5cbfd000 	C:\Program Files\Java\jdk-17.0.3.1\bin\msvcp140.dll
0x00007ffde81b0000 - 0x00007ffde8d70000 	C:\Program Files\Java\jdk-17.0.3.1\bin\server\jvm.dll
0x00007ffe6e210000 - 0x00007ffe6e218000 	C:\WINDOWS\System32\PSAPI.DLL
0x00007ffe5dd50000 - 0x00007ffe5dd59000 	C:\WINDOWS\SYSTEM32\WSOCK32.dll
0x00007ffe65100000 - 0x00007ffe65134000 	C:\WINDOWS\SYSTEM32\WINMM.dll
0x00007ffe6f210000 - 0x00007ffe6f281000 	C:\WINDOWS\System32\WS2_32.dll
0x00007ffe6bdc0000 - 0x00007ffe6bdd8000 	C:\WINDOWS\SYSTEM32\kernel.appcore.dll
0x00007ffe679c0000 - 0x00007ffe679ca000 	C:\Program Files\Java\jdk-17.0.3.1\bin\jimage.dll
0x00007ffe6a600000 - 0x00007ffe6a82e000 	C:\WINDOWS\SYSTEM32\DBGHELP.DLL
0x00007ffe6e630000 - 0x00007ffe6e9b9000 	C:\WINDOWS\System32\combase.dll
0x00007ffe6e9c0000 - 0x00007ffe6ea97000 	C:\WINDOWS\System32\OLEAUT32.dll
0x00007ffe57cd0000 - 0x00007ffe57d02000 	C:\WINDOWS\SYSTEM32\dbgcore.DLL
0x00007ffe6ce90000 - 0x00007ffe6cf0b000 	C:\WINDOWS\System32\bcryptPrimitives.dll
0x00007ffe67a50000 - 0x00007ffe67a75000 	C:\Program Files\Java\jdk-17.0.3.1\bin\java.dll
0x00007ffe5cf20000 - 0x00007ffe5cff6000 	C:\Program Files\Java\jdk-17.0.3.1\bin\jsvml.dll
0x00007ffe6d840000 - 0x00007ffe6e030000 	C:\WINDOWS\System32\SHELL32.dll
0x00007ffe6ad80000 - 0x00007ffe6b64d000 	C:\WINDOWS\SYSTEM32\windows.storage.dll
0x00007ffe6ac40000 - 0x00007ffe6ad7e000 	C:\WINDOWS\SYSTEM32\wintypes.dll
0x00007ffe6e400000 - 0x00007ffe6e4f1000 	C:\WINDOWS\System32\SHCORE.dll
0x00007ffe6eaa0000 - 0x00007ffe6eafe000 	C:\WINDOWS\System32\shlwapi.dll
0x00007ffe6cca0000 - 0x00007ffe6ccc1000 	C:\WINDOWS\SYSTEM32\profapi.dll
0x00007ffe5cc40000 - 0x00007ffe5cc59000 	C:\Program Files\Java\jdk-17.0.3.1\bin\net.dll
0x00007ffe648c0000 - 0x00007ffe649f7000 	C:\WINDOWS\SYSTEM32\WINHTTP.dll
0x00007ffe6c230000 - 0x00007ffe6c299000 	C:\WINDOWS\system32\mswsock.dll
0x00007ffe5cc20000 - 0x00007ffe5cc36000 	C:\Program Files\Java\jdk-17.0.3.1\bin\nio.dll
0x00007ffe5cc00000 - 0x00007ffe5cc18000 	C:\Program Files\Java\jdk-17.0.3.1\bin\zip.dll
0x00007ffdf91f0000 - 0x00007ffdf937f000 	C:\Program Files\Java\jdk-17.0.3.1\bin\awt.dll
0x00007ffe69b50000 - 0x00007ffe69be6000 	C:\WINDOWS\SYSTEM32\apphelp.dll
0x00007ffe69c30000 - 0x00007ffe69cdb000 	C:\WINDOWS\system32\uxtheme.dll
0x00007ffe6f4d0000 - 0x00007ffe6f5ee000 	C:\WINDOWS\System32\MSCTF.dll
0x00007ffe6ef80000 - 0x00007ffe6f11c000 	C:\WINDOWS\System32\ole32.dll
0x00007ffe3f740000 - 0x00007ffe3f7c9000 	C:\Program Files\Java\jdk-17.0.3.1\bin\freetype.dll
0x00007ffe3d0e0000 - 0x00007ffe3d188000 	C:\Program Files\Java\jdk-17.0.3.1\bin\fontmanager.dll
0x00007ffe69e70000 - 0x00007ffe69e9b000 	C:\WINDOWS\system32\DWMAPI.DLL
0x00007ffe23770000 - 0x00007ffe23870000 	C:\WINDOWS\system32\opengl32.dll
0x00007ffe235f0000 - 0x00007ffe2361d000 	C:\WINDOWS\SYSTEM32\GLU32.dll
0x00007ffe69d10000 - 0x00007ffe69d46000 	C:\WINDOWS\SYSTEM32\dxcore.dll
0x00007ffe20580000 - 0x00007ffe20729000 	C:\WINDOWS\system32\d3d9.dll
0x00007ffe635d0000 - 0x00007ffe6378a000 	C:\Windows\System32\DriverStore\FileRepository\u0381556.inf_amd64_7dd5c787427781eb\B381591\aticfx64.dll
0x00007ffe32ed0000 - 0x00007ffe32f04000 	C:\Windows\System32\DriverStore\FileRepository\u0381556.inf_amd64_7dd5c787427781eb\B381591\atiu9p64.dll
0x00007ffde5bd0000 - 0x00007ffde6926000 	C:\Windows\System32\DriverStore\FileRepository\u0381556.inf_amd64_7dd5c787427781eb\B381591\atiumd64.dll
0x00000000687b0000 - 0x000000006966f000 	C:\WINDOWS\System32\DriverStore\FileRepository\u0381556.inf_amd64_7dd5c787427781eb\B381591\atiumd6a.dll
0x00007ffe6eb00000 - 0x00007ffe6ef74000 	C:\WINDOWS\System32\SETUPAPI.dll
0x00007ffe6ca90000 - 0x00007ffe6cadd000 	C:\WINDOWS\SYSTEM32\POWRPROF.dll
0x00007ffe6c9c0000 - 0x00007ffe6c9d3000 	C:\WINDOWS\SYSTEM32\UMPDC.dll
0x00007ffe63510000 - 0x00007ffe63540000 	C:\WINDOWS\SYSTEM32\amdihk64.dll
0x00007ffe67970000 - 0x00007ffe679b8000 	C:\WINDOWS\SYSTEM32\directxdatabasehelper.dll
0x00007ffe5dde0000 - 0x00007ffe5dde6000 	C:\Users\sosma\AppData\Local\Temp\flatlaf.temp\flatlaf-windows-x86_64-248143069137000.dll
0x00007ffe5cb00000 - 0x00007ffe5cb07000 	C:\Program Files\Java\jdk-17.0.3.1\bin\jawt.dll
0x00007ffe6f5f0000 - 0x00007ffe6f6a0000 	C:\WINDOWS\System32\clbcatq.dll
0x00007ffe680c0000 - 0x00007ffe68270000 	C:\WINDOWS\SYSTEM32\WindowsCodecs.dll
0x00007ffe36b20000 - 0x00007ffe36b7e000 	C:\WINDOWS\system32\dataexchange.dll
0x00007ffe64af0000 - 0x00007ffe64d5a000 	C:\WINDOWS\system32\twinapi.appcore.dll
0x00007ffe61a30000 - 0x00007ffe61b5e000 	C:\WINDOWS\SYSTEM32\textinputframework.dll
0x00007ffe69870000 - 0x00007ffe699a3000 	C:\WINDOWS\SYSTEM32\CoreMessaging.dll
0x00007ffe67340000 - 0x00007ffe676ac000 	C:\WINDOWS\SYSTEM32\CoreUIComponents.dll
0x00007ffe6c4b0000 - 0x00007ffe6c4bc000 	C:\WINDOWS\SYSTEM32\CRYPTBASE.DLL
0x00007ffe5d7c0000 - 0x00007ffe5d7d0000 	C:\Program Files\Java\jdk-17.0.3.1\bin\verify.dll
0x00007ffe6b910000 - 0x00007ffe6ba03000 	C:\WINDOWS\SYSTEM32\DNSAPI.dll
0x00007ffe6b8a0000 - 0x00007ffe6b8cd000 	C:\WINDOWS\SYSTEM32\IPHLPAPI.DLL
0x00007ffe6e550000 - 0x00007ffe6e559000 	C:\WINDOWS\System32\NSI.dll
0x00007ffe63230000 - 0x00007ffe6323a000 	C:\Windows\System32\rasadhlp.dll
0x00007ffe614e0000 - 0x00007ffe61563000 	C:\WINDOWS\System32\fwpuclnt.dll

dbghelp: loaded successfully - version: 4.0.5 - missing functions: none
symbol engine: initialized successfully - sym options: 0x614 - pdb path: .;C:\Program Files\Java\jdk-17.0.3.1\bin;C:\WINDOWS\SYSTEM32;C:\WINDOWS\WinSxS\amd64_microsoft.windows.common-controls_6595b64144ccf1df_6.0.22621.608_none_a9444ca7c10bb01d;C:\Program Files\Java\jdk-17.0.3.1\bin\server;C:\Windows\System32\DriverStore\FileRepository\u0381556.inf_amd64_7dd5c787427781eb\B381591;C:\Users\sosma\AppData\Local\Temp\flatlaf.temp

VM Arguments:
jvm_args: -Dfile.encoding=UTF-8 --module-path=C:\Users\sosma\OneDrive\Máy tính\OOAD\OOAD\Project\build\classes 
java_command: JForm.LoginForm
java_class_path (initial): C:\Users\sosma\OneDrive\Máy tính\OOAD\OOAD\Project\lib\LGoodDatePicker-10.4.1.jar;C:\Users\sosma\OneDrive\Máy tính\OOAD\OOAD\Project\lib\mysql-connector-java-5.1.49.jar;C:\Users\sosma\OneDrive\Máy tính\OOAD\OOAD\Project\lib\flatlaf-2.2.jar;C:\Users\sosma\OneDrive\Máy tính\OOAD\OOAD\Project\lib\commons-codec-1.15.jar;C:\Users\sosma\OneDrive\Máy tính\OOAD\OOAD\Project\lib\commons-collections4-4.4.jar;C:\Users\sosma\OneDrive\Máy tính\OOAD\OOAD\Project\lib\poi-5.2.2.jar;C:\Users\sosma\OneDrive\Máy tính\OOAD\OOAD\Project\lib\poi-ooxml-full-5.2.2.jar;C:\Users\sosma\OneDrive\Máy tính\OOAD\OOAD\Project\lib\commons-io-2.11.0.jar;C:\Users\sosma\OneDrive\Máy tính\OOAD\OOAD\Project\lib\poi-examples-5.2.2.jar;C:\Users\sosma\OneDrive\Máy tính\OOAD\OOAD\Project\lib\poi-excelant-5.2.2.jar;C:\Users\sosma\OneDrive\Máy tính\OOAD\OOAD\Project\lib\poi-javadoc-5.2.2.jar;C:\Users\sosma\OneDrive\Máy tính\OOAD\OOAD\Project\lib\poi-ooxml-5.2.2.jar;C:\Users\sosma\OneDrive\Máy tính\OOAD\OOAD\Project\lib\poi-ooxml-lite-5.2.2.jar;C:\Users\sosma\OneDrive\Máy tính\OOAD\OOAD\Project\lib\poi-scratchpad-5.2.2.jar;C:\Users\sosma\OneDrive\Máy tính\OOAD\OOAD\Project\lib\SparseBitSet-1.2.jar;C:\Users\sosma\OneDrive\Máy tính\OOAD\OOAD\Project\lib\commons-math3-3.6.1.jar;C:\Users\sosma\OneDrive\Máy tính\OOAD\OOAD\Project\lib\commons-compress-1.21.jar;C:\Users\sosma\OneDrive\Máy tính\OOAD\OOAD\Project\lib\commons-logging-1.2.jar;C:\Users\sosma\OneDrive\Máy tính\OOAD\OOAD\Project\lib\xmlbeans-5.0.3.jar;C:\Users\sosma\OneDrive\Máy tính\OOAD\OOAD\Project\lib\log4j-api-2.17.2.jar;C:\Users\sosma\OneDrive\Máy tính\OOAD\OOAD\Project\lib\CopyLibs\org-netbeans-modules-java-j2seproject-copylibstask.jar;C:\Users\sosma\Downloads\sqljdbc_12.2.0.0_enu;E:\NetBean\Java\DoAnJava\JavaApplication1\build\classes;C:\Users\sosma\OneDrive\Máy tính\OOAD\OOAD\Project\build\classes
Launcher Type: SUN_STANDARD

[Global flags]
     intx CICompilerCount                          = 4                                         {product} {ergonomic}
     uint ConcGCThreads                            = 3                                         {product} {ergonomic}
     uint G1ConcRefinementThreads                  = 10                                        {product} {ergonomic}
   size_t G1HeapRegionSize                         = 1048576                                   {product} {ergonomic}
    uintx GCDrainStackTargetSize                   = 64                                        {product} {ergonomic}
   size_t InitialHeapSize                          = 98566144                                  {product} {ergonomic}
   size_t MarkStackSize                            = 4194304                                   {product} {ergonomic}
   size_t MaxHeapSize                              = 1574961152                                {product} {ergonomic}
   size_t MaxNewSize                               = 944766976                                 {product} {ergonomic}
   size_t MinHeapDeltaBytes                        = 1048576                                   {product} {ergonomic}
   size_t MinHeapSize                              = 8388608                                   {product} {ergonomic}
    uintx NonNMethodCodeHeapSize                   = 5839372                                {pd product} {ergonomic}
    uintx NonProfiledCodeHeapSize                  = 122909434                              {pd product} {ergonomic}
    uintx ProfiledCodeHeapSize                     = 122909434                              {pd product} {ergonomic}
    uintx ReservedCodeCacheSize                    = 251658240                              {pd product} {ergonomic}
     bool SegmentedCodeCache                       = true                                      {product} {ergonomic}
   size_t SoftMaxHeapSize                          = 1574961152                             {manageable} {ergonomic}
     bool UseCompressedClassPointers               = true                           {product lp64_product} {ergonomic}
     bool UseCompressedOops                        = true                           {product lp64_product} {ergonomic}
     bool UseG1GC                                  = true                                      {product} {ergonomic}
     bool UseLargePagesIndividualAllocation        = false                                  {pd product} {ergonomic}

Logging:
Log output configuration:
 #0: stdout all=warning uptime,level,tags
 #1: stderr all=off uptime,level,tags

Environment Variables:
PATH=C:\ProgramData\Oracle\Java\javapath;C:\Program Files (x86)\VMware\VMware Workstation\bin\;C:\Program Files\Common Files\Oracle\Java\javapath;C:\WINDOWS\system32;C:\WINDOWS;C:\WINDOWS\System32\Wbem;C:\WINDOWS\System32\WindowsPowerShell\v1.0\;C:\WINDOWS\System32\OpenSSH\;C:\Program Files\Microsoft SQL Server\Client SDK\ODBC\170\Tools\Binn\;C:\Program Files (x86)\Microsoft SQL Server\150\Tools\Binn\;C:\Program Files\Microsoft SQL Server\150\Tools\Binn\;C:\Program Files\Microsoft SQL Server\150\DTS\Binn\;C:\Program Files\Azure Data Studio\bin;C:\Program Files\Git\cmd;C:\MinGW\bin;C:\Program Files (x86)\Microsoft SQL Server\150\DTS\Binn\;C:\Users\sosma\AppData\Local\Microsoft\WindowsApps;;C:\Program Files\Azure Data Studio\bin;E:\Microsoft VS Code\bin
USERNAME=sosma
OS=Windows_NT
PROCESSOR_IDENTIFIER=AMD64 Family 23 Model 104 Stepping 1, AuthenticAMD



---------------  S Y S T E M  ---------------

OS:
 Windows 11 , 64 bit Build 22621 (10.0.22621.1485)
OS uptime: 0 days 6:53 hours

CPU: total 12 (initial active 12) (12 cores per cpu, 2 threads per core) family 23 model 104 stepping 1 microcode 0x0, cx8, cmov, fxsr, ht, mmx, 3dnowpref, sse, sse2, sse3, ssse3, sse4a, sse4.1, sse4.2, popcnt, lzcnt, tsc, tscinvbit, avx, avx2, aes, clmul, bmi1, bmi2, adx, sha, fma, vzeroupper, clflush, clflushopt

Memory: 4k page, system-wide physical 6005M (389M free)
TotalPageFile size 14197M (AvailPageFile size 4M)
current process WorkingSet (physical memory assigned to process): 181M, peak: 181M
current process commit charge ("private bytes"): 299M, peak: 300M

vm_info: Java HotSpot(TM) 64-Bit Server VM (17.0.3.1+2-LTS-6) for windows-amd64 JRE (17.0.3.1+2-LTS-6), built on Apr 25 2022 22:04:21 by "mach5one" with MS VC++ 16.8 / 16.9 (VS2019)

END.
